Log file open, 10/17/18 17:15:31
LogWindows: Failed to load 'aqProf.dll' (GetLastError=126)
LogWindows: File 'aqProf.dll' does not exist
LogWindows: Failed to load 'VSPerf140.dll' (GetLastError=126)
LogWindows: File 'VSPerf140.dll' does not exist
LogWindows: Failed to load 'VtuneApi.dll' (GetLastError=126)
LogWindows: File 'VtuneApi.dll' does not exist
LogWindows: Failed to load 'VtuneApi32e.dll' (GetLastError=126)
LogWindows: File 'VtuneApi32e.dll' does not exist
LogInit: Display: Running engine for game: Lancha_2
LogPlatformFile: Not using cached read wrapper
LogTaskGraph: Started task graph with 5 named threads and 23 total threads with 3 sets of task threads.
LogStats: Stats thread started at 0.318666
LogD3D11RHI: Loaded GFSDK_Aftermath_Lib.x64.dll
LogICUInternationalization: Display: ICU TimeZone Detection - Raw Offset: +1:00, Platform Override: ''
LogPluginManager: Mounting plugin Paper2D
LogPluginManager: Mounting plugin AISupport
LogPluginManager: Mounting plugin LightPropagationVolume
LogPluginManager: Mounting plugin CLionSourceCodeAccess
LogPluginManager: Mounting plugin CodeLiteSourceCodeAccess
LogPluginManager: Mounting plugin GitSourceControl
LogPluginManager: Mounting plugin KDevelopSourceCodeAccess
LogPluginManager: Mounting plugin NullSourceCodeAccess
LogPluginManager: Mounting plugin PerforceSourceControl
LogPluginManager: Mounting plugin SubversionSourceControl
LogPluginManager: Mounting plugin UObjectPlugin
LogPluginManager: Mounting plugin VisualStudioCodeSourceCodeAccess
LogPluginManager: Mounting plugin VisualStudioSourceCodeAccess
LogPluginManager: Mounting plugin XCodeSourceCodeAccess
LogPluginManager: Mounting plugin AssetManagerEditor
LogPluginManager: Mounting plugin CryptoKeys
LogPluginManager: Mounting plugin DataValidation
LogPluginManager: Mounting plugin FacialAnimation
LogPluginManager: Mounting plugin GameplayTagsEditor
LogPluginManager: Mounting plugin MacGraphicsSwitching
LogPluginManager: Mounting plugin MeshEditor
LogPluginManager: Mounting plugin MobileLauncherProfileWizard
LogPluginManager: Mounting plugin PluginBrowser
LogPluginManager: Mounting plugin SpeedTreeImporter
LogPluginManager: Mounting plugin DatasmithContent
LogPluginManager: Mounting plugin AlembicImporter
LogPluginManager: Mounting plugin AppleImageUtils
LogPluginManager: Mounting plugin AppleVision
LogPluginManager: Mounting plugin BackChannel
LogPluginManager: Mounting plugin CharacterAI
LogPluginManager: Mounting plugin GeometryCache
LogPluginManager: Mounting plugin HTML5Networking
LogPluginManager: Mounting plugin ProxyLODPlugin
LogPluginManager: Mounting plugin MagicLeap
LogPluginManager: Mounting plugin MagicLeapEmulator
LogPluginManager: Mounting plugin MagicLeapMedia
LogPluginManager: Mounting plugin AndroidMedia
LogPluginManager: Mounting plugin AvfMedia
LogPluginManager: Mounting plugin ImgMedia
LogPluginManager: Mounting plugin LinearTimecode
LogPluginManager: Mounting plugin MediaCompositing
LogPluginManager: Mounting plugin MediaPlayerEditor
LogPluginManager: Mounting plugin WmfMedia
LogPluginManager: Mounting plugin TcpMessaging
LogPluginManager: Mounting plugin UdpMessaging
LogPluginManager: Mounting plugin ActorSequence
LogPluginManager: Mounting plugin LevelSequenceEditor
LogPluginManager: Mounting plugin MatineeToLevelSequence
LogPluginManager: Mounting plugin NetcodeUnitTest
LogPluginManager: Mounting plugin NUTUnrealEngine4
LogPluginManager: Mounting plugin OnlineSubsystemGooglePlay
LogPluginManager: Mounting plugin OnlineSubsystemIOS
LogPluginManager: Mounting plugin OnlineSubsystem
LogPluginManager: Mounting plugin OnlineSubsystemNull
LogPluginManager: Mounting plugin OnlineSubsystemUtils
LogPluginManager: Mounting plugin LauncherChunkInstaller
LogPluginManager: Mounting plugin AndroidDeviceProfileSelector
LogPluginManager: Mounting plugin AndroidMoviePlayer
LogPluginManager: Mounting plugin AndroidPermission
LogPluginManager: Mounting plugin AppleMoviePlayer
LogPluginManager: Mounting plugin ArchVisCharacter
LogPluginManager: Mounting plugin AudioCapture
LogPluginManager: Mounting plugin CableComponent
LogPluginManager: Mounting plugin CustomMeshComponent
LogPluginManager: Mounting plugin EditableMesh
LogPluginManager: Mounting plugin ExampleDeviceProfileSelector
LogPluginManager: Mounting plugin GoogleCloudMessaging
LogPluginManager: Mounting plugin ImmediatePhysics
LogPluginManager: Mounting plugin IOSDeviceProfileSelector
LogPluginManager: Mounting plugin LinuxDeviceProfileSelector
LogPluginManager: Mounting plugin LocationServicesBPLibrary
LogPluginManager: Mounting plugin MobilePatchingUtils
LogPluginManager: Mounting plugin OculusVR
LogPluginManager: Plugin shader directory ../../../Engine/Plugins/Runtime/Oculus/OculusVR/Shaders found
LogPluginManager: Mapping shader source directory ../../../Engine/Plugins/Runtime/Oculus/OculusVR/Shaders to virtual directory /Plugin/OculusVR
LogPluginManager: Mounting plugin PhysXVehicles
LogPluginManager: Mounting plugin ProceduralMeshComponent
LogPluginManager: Mounting plugin RuntimePhysXCooking
LogPluginManager: Mounting plugin SteamVR
LogPluginManager: Mounting plugin WindowsMoviePlayer
LogStreaming: Display: Took  0.218s to configure plugins.
LogInit: Using libcurl 7.55.1-DEV
LogInit:  - built for x86_64-pc-win32
LogInit:  - supports SSL with OpenSSL/1.0.2h
LogInit:  - supports HTTP deflate (compression) using libz 1.2.8
LogInit:  - other features:
LogInit:      CURL_VERSION_SSL
LogInit:      CURL_VERSION_LIBZ
LogInit:      CURL_VERSION_IPV6
LogInit:      CURL_VERSION_ASYNCHDNS
LogInit:      CURL_VERSION_LARGEFILE
LogInit:      CURL_VERSION_IDN
LogInit:  CurlRequestOptions (configurable via config and command line):
LogInit:  - bVerifyPeer = false  - Libcurl will NOT verify peer certificate
LogInit:  - bUseHttpProxy = false  - Libcurl will NOT use HTTP proxy
LogInit:  - bDontReuseConnections = false  - Libcurl will reuse connections
LogInit:  - CertBundlePath = nullptr  - Libcurl will use whatever was configured at build time.
LogInit:  - MaxHostConnections = 16  - Libcurl will limit the number of connections to a host
LogInit:  - LocalHostAddr = Default
LogInit:  - BufferSize = 65536
LogInit: WinSock: version 1.1 (2.2), MaxSocks=32767, MaxUdp=65467
LogInit: Build: ++UE4+Release-4.20-CL-4369336
LogInit: Engine Version: 4.20.3-4369336+++UE4+Release-4.20
LogInit: Compatible Engine Version: 4.20.0-4212847+++UE4+Release-4.20
LogInit: Net CL: 4212847
LogInit: OS: Windows 10 (), CPU: Intel(R) Core(TM) i7-6700HQ CPU @ 2.60GHz, GPU: Intel(R) HD Graphics 530
LogInit: Compiled (64-bit): Sep 17 2018 12:26:19
LogInit: Compiled with Visual C++: 19.13.26129.00
LogInit: Build Configuration: Development
LogInit: Branch Name: ++UE4+Release-4.20
LogInit: Command Line:  
LogInit: Base Directory: C:/Program Files/Epic Games/UE_4.20/Engine/Binaries/Win64/
LogInit: Installed Engine Build: 1
LogDevObjectVersion: Number of dev versions registered: 20
LogDevObjectVersion:   Dev-Blueprints (B0D832E4-1F89-4F0D-ACCF-7EB736FD4AA2): 10
LogDevObjectVersion:   Dev-Build (E1C64328-A22C-4D53-A36C-8E866417BD8C): 0
LogDevObjectVersion:   Dev-Core (375EC13C-06E4-48FB-B500-84F0262A717E): 2
LogDevObjectVersion:   Dev-Editor (E4B068ED-F494-42E9-A231-DA0B2E46BB41): 24
LogDevObjectVersion:   Dev-Framework (CFFC743F-43B0-4480-9391-14DF171D2073): 34
LogDevObjectVersion:   Dev-Mobile (B02B49B5-BB20-44E9-A304-32B752E40360): 2
LogDevObjectVersion:   Dev-Networking (A4E4105C-59A1-49B5-A7C5-40C4547EDFEE): 0
LogDevObjectVersion:   Dev-Online (39C831C9-5AE6-47DC-9A44-9C173E1C8E7C): 0
LogDevObjectVersion:   Dev-Physics (78F01B33-EBEA-4F98-B9B4-84EACCB95AA2): 0
LogDevObjectVersion:   Dev-Platform (6631380F-2D4D-43E0-8009-CF276956A95A): 0
LogDevObjectVersion:   Dev-Rendering (12F88B9F-8875-4AFC-A67C-D90C383ABD29): 26
LogDevObjectVersion:   Dev-Sequencer (7B5AE74C-D270-4C10-A958-57980B212A5A): 9
LogDevObjectVersion:   Dev-VR (D7296918-1DD6-4BDD-9DE2-64A83CC13884): 2
LogDevObjectVersion:   Dev-LoadTimes (C2A15278-BFE7-4AFE-6C17-90FF531DF755): 1
LogDevObjectVersion:   Private-Geometry (6EACA3D4-40EC-4CC1-B786-8BED09428FC5): 3
LogDevObjectVersion:   Dev-AnimPhys (29E575DD-E0A3-4627-9D10-D276232CDCEA): 17
LogDevObjectVersion:   Dev-ReflectionCapture (6B266CEC-1EC7-4B8F-A30B-E4D90942FC07): 1
LogDevObjectVersion:   Dev-Automation (0DF73D61-A23F-47EA-B727-89E90C41499A): 1
LogDevObjectVersion:   FortniteMain (601D1886-AC64-4F84-AA16-D3DE0DEAC7D6): 12
LogDevObjectVersion:   Dev-Enterprise (9DFFBCD6-494F-0158-E221-12823C92A888): 1
LogStreaming: Display: Took  0.003s to delete old logs.
LogInit: Presizing for max 8388607 objects, including 0 objects not considered by GC, pre-allocating 0 bytes for permanent pool.
LogInit: Object subsystem initialized
[2018.10.17-15.15.31:817][  0]LogInit: Selected Device Profile: [Windows]
[2018.10.17-15.15.31:817][  0]LogInit: Applying CVar settings loaded from the selected device profile: [Windows]
[2018.10.17-15.15.31:857][  0]LogHAL: Display: Platform has ~ 12 GB [12778487808 / 17179869184 / 12], which maps to Larger [LargestMinGB=32, LargerMinGB=12, DefaultMinGB=8, SmallerMinGB=6, SmallestMinGB=0)
[2018.10.17-15.15.31:857][  0]LogInit: Setting Device Profile CVar: [[r.Vulkan.UseRealUBs:1]]
[2018.10.17-15.15.31:857][  0]LogInit: Going up to parent DeviceProfile []
[2018.10.17-15.15.31:878][  0]LogInit: Computer: DESKTOP-I47C50F
[2018.10.17-15.15.31:878][  0]LogInit: User: David
[2018.10.17-15.15.31:878][  0]LogInit: CPU Page size=4096, Cores=4
[2018.10.17-15.15.31:878][  0]LogInit: High frequency timer resolution =2.531253 MHz
[2018.10.17-15.15.31:878][  0]LogMemory: Memory total: Physical=11.9GB (12GB approx)
[2018.10.17-15.15.31:878][  0]LogMemory: Platform Memory Stats for Windows
[2018.10.17-15.15.31:878][  0]LogMemory: Process Physical Memory: 100.56 MB used, 100.56 MB peak
[2018.10.17-15.15.31:878][  0]LogMemory: Process Virtual Memory: 89.34 MB used, 89.34 MB peak
[2018.10.17-15.15.31:878][  0]LogMemory: Physical Memory: 7876.23 MB used,  4310.28 MB free, 12186.52 MB total
[2018.10.17-15.15.31:878][  0]LogMemory: Virtual Memory: 4643.42 MB used,  4310.28 MB free, 134217728.00 MB total
[2018.10.17-15.15.32:155][  0]LogInit: Using OS detected language (es-ES).
[2018.10.17-15.15.32:155][  0]LogInit: Using OS detected locale (es-ES).
[2018.10.17-15.15.32:156][  0]LogTextLocalizationManager: No specific localization for 'es-ES' exists, so the 'es' localization will be used.
[2018.10.17-15.15.32:662][  0]LogStreaming: Display: Took  0.508s to InitEngineTextLocalization.
[2018.10.17-15.15.32:662][  0]LogInit: Setting process to per monitor DPI aware
[2018.10.17-15.15.32:875][  0]LogSlate: New Slate User Created.  User Index 0, Is Virtual User: 0
[2018.10.17-15.15.32:875][  0]LogSlate: Slate User Registered.  User Index 0, Is Virtual User: 0
[2018.10.17-15.15.37:860][  0]LogHMD: Failed to initialize OpenVR with code 110
[2018.10.17-15.15.37:860][  0]LogD3D11RHI: D3D11 adapters:
[2018.10.17-15.15.37:915][  0]LogD3D11RHI:    0. 'NVIDIA GeForce GTX 950M' (Feature Level 11_0)
[2018.10.17-15.15.37:915][  0]LogD3D11RHI:       4064/0/6093 MB DedicatedVideo/DedicatedSystem/SharedSystem, Outputs:1, VendorId:0x10de
[2018.10.17-15.15.37:923][  0]LogD3D11RHI:    1. 'Intel(R) HD Graphics 530' (Feature Level 11_0)
[2018.10.17-15.15.37:924][  0]LogD3D11RHI:       128/0/6093 MB DedicatedVideo/DedicatedSystem/SharedSystem, Outputs:0, VendorId:0x8086
[2018.10.17-15.15.37:926][  0]LogD3D11RHI:    2. 'Microsoft Basic Render Driver' (Feature Level 11_0)
[2018.10.17-15.15.37:926][  0]LogD3D11RHI:       0/0/6093 MB DedicatedVideo/DedicatedSystem/SharedSystem, Outputs:0, VendorId:0x1414
[2018.10.17-15.15.37:926][  0]LogD3D11RHI: Chosen D3D11 Adapter: 0
[2018.10.17-15.15.37:943][  0]LogD3D11RHI: Creating new Direct3DDevice
[2018.10.17-15.15.37:943][  0]LogD3D11RHI:     GPU DeviceId: 0x139a (for the marketing name, search the web for "GPU Device Id")
[2018.10.17-15.15.37:943][  0]LogWindows: EnumDisplayDevices:
[2018.10.17-15.15.37:944][  0]LogWindows:    0. 'Intel(R) HD Graphics 530' (P:1 D:1)
[2018.10.17-15.15.37:944][  0]LogWindows:    1. 'Intel(R) HD Graphics 530' (P:0 D:0)
[2018.10.17-15.15.37:944][  0]LogWindows:    2. 'Intel(R) HD Graphics 530' (P:0 D:0)
[2018.10.17-15.15.37:944][  0]LogWindows: DebugString: PrimaryIsNotTheChoosenAdapter PrimaryIsNotTheChoosenAdapter PrimaryIsNotTheChoosenAdapter FoundDriverCount:0 
[2018.10.17-15.15.37:944][  0]LogD3D11RHI:     Adapter Name: NVIDIA GeForce GTX 950M
[2018.10.17-15.15.37:944][  0]LogD3D11RHI:   Driver Version: Unknown (internal:Unknown, unified:Unknown)
[2018.10.17-15.15.37:944][  0]LogD3D11RHI:      Driver Date: Unknown
[2018.10.17-15.15.37:944][  0]LogRHI: Texture pool is 2845 MB (70% of 4064 MB)
[2018.10.17-15.15.37:964][  0]LogD3D11RHI: Async texture creation enabled
[2018.10.17-15.15.37:976][  0]LogD3D11RHI: GPU Timing Frequency: 1000.000000 (Debug: 2 1)
[2018.10.17-15.15.37:977][  0]LogShaderCompilers: Guid format shader working directory is -20 characters bigger than the processId version (../../../../../../Users/David/Desktop/Lancha en Gruta (UE4)/Lancha/Intermediate/Shaders/WorkingDirectory/7480/).
[2018.10.17-15.15.37:977][  0]LogShaderCompilers: Cleaned the shader compiler working directory 'C:/Users/David/AppData/Local/Temp/UnrealShaderWorkingDir/3F44119343997525761DFE82EA2F16B9/'.
[2018.10.17-15.15.38:281][  0]LogTemp: Display: Loaded TP AllDesktopTargetPlatform
[2018.10.17-15.15.38:295][  0]LogTemp: Display: Loaded TP MacClientTargetPlatform
[2018.10.17-15.15.38:309][  0]LogTemp: Display: Loaded TP MacNoEditorTargetPlatform
[2018.10.17-15.15.38:323][  0]LogTemp: Display: Loaded TP MacServerTargetPlatform
[2018.10.17-15.15.38:353][  0]LogTemp: Display: Loaded TP MacTargetPlatform
[2018.10.17-15.15.38:367][  0]LogTemp: Display: Loaded TP WindowsClientTargetPlatform
[2018.10.17-15.15.38:381][  0]LogTemp: Display: Loaded TP WindowsNoEditorTargetPlatform
[2018.10.17-15.15.38:395][  0]LogTemp: Display: Loaded TP WindowsServerTargetPlatform
[2018.10.17-15.15.38:402][  0]LogTemp: Display: Loaded TP WindowsTargetPlatform
[2018.10.17-15.15.38:503][  0]LogTemp: Display: Loaded TP AndroidTargetPlatform
[2018.10.17-15.15.38:503][  0]LogTemp: Display: Loaded TP AndroidTargetPlatform
[2018.10.17-15.15.38:503][  0]LogTemp: Display: Loaded TP AndroidTargetPlatform
[2018.10.17-15.15.38:503][  0]LogTemp: Display: Loaded TP AndroidTargetPlatform
[2018.10.17-15.15.38:503][  0]LogTemp: Display: Loaded TP AndroidTargetPlatform
[2018.10.17-15.15.38:503][  0]LogTemp: Display: Loaded TP AndroidTargetPlatform
[2018.10.17-15.15.38:503][  0]LogTemp: Display: Loaded TP AndroidTargetPlatform
[2018.10.17-15.15.38:503][  0]LogTemp: Display: Loaded TP AndroidTargetPlatform
[2018.10.17-15.15.38:503][  0]LogTemp: Display: Loaded TP AndroidTargetPlatform
[2018.10.17-15.15.38:503][  0]LogTemp: Display: Loaded TP AndroidTargetPlatform
[2018.10.17-15.15.38:503][  0]LogTemp: Display: Loaded TP AndroidTargetPlatform
[2018.10.17-15.15.38:503][  0]LogTemp: Display: Loaded TP AndroidTargetPlatform
[2018.10.17-15.15.38:503][  0]LogTemp: Display: Loaded TP AndroidTargetPlatform
[2018.10.17-15.15.38:503][  0]LogTemp: Display: Loaded TP AndroidTargetPlatform
[2018.10.17-15.15.38:503][  0]LogTemp: Display: Loaded TP AndroidTargetPlatform
[2018.10.17-15.15.38:503][  0]LogTemp: Display: Loaded TP AndroidTargetPlatform
[2018.10.17-15.15.38:503][  0]LogTemp: Display: Loaded TP AndroidTargetPlatform
[2018.10.17-15.15.38:503][  0]LogTemp: Display: Loaded TP AndroidTargetPlatform
[2018.10.17-15.15.38:504][  0]LogTemp: Display: Loaded TP HTML5TargetPlatform
[2018.10.17-15.15.38:581][  0]LogTemp: Display: Loaded TP IOSTargetPlatform
[2018.10.17-15.15.38:581][  0]LogTemp: Display: Loaded TP IOSTargetPlatform
[2018.10.17-15.15.38:606][  0]LogTemp: Display: Loaded TP TVOSTargetPlatform
[2018.10.17-15.15.38:606][  0]LogTemp: Display: Loaded TP TVOSTargetPlatform
[2018.10.17-15.15.38:619][  0]LogTemp: Display: Loaded TP LinuxClientTargetPlatform
[2018.10.17-15.15.38:632][  0]LogTemp: Display: Loaded TP LinuxNoEditorTargetPlatform
[2018.10.17-15.15.38:645][  0]LogTemp: Display: Loaded TP LinuxServerTargetPlatform
[2018.10.17-15.15.38:673][  0]LogTemp: Display: Loaded TP LinuxTargetPlatform
[2018.10.17-15.15.38:683][  0]LogTemp: Display: Loaded TP LuminTargetPlatform
[2018.10.17-15.15.38:683][  0]LogTargetPlatformManager: Display: Building Assets For Windows
[2018.10.17-15.15.38:764][  0]LogXGEController: Cannot use XGE Controller as Incredibuild is not installed on this machine.
[2018.10.17-15.15.38:764][  0]LogShaderCompilers: Cannot use XGE Shader Compiler as Incredibuild is not installed on this machine.
[2018.10.17-15.15.38:764][  0]LogShaderCompilers: Display: Using Local Shader Compiler.
[2018.10.17-15.15.44:400][  0]LogDerivedDataCache: Display: Max Cache Size: 512 MB
[2018.10.17-15.15.44:637][  0]LogDerivedDataCache: Loaded boot cache 0.24s 71MB C:/Users/David/AppData/Local/UnrealEngine/4.20/DerivedDataCache/Boot.ddc.
[2018.10.17-15.15.44:637][  0]LogDerivedDataCache: Display: Loaded Boot cache: C:/Users/David/AppData/Local/UnrealEngine/4.20/DerivedDataCache/Boot.ddc
[2018.10.17-15.15.44:637][  0]LogDerivedDataCache: FDerivedDataBackendGraph:  Pak pak cache file ../../../../../../Users/David/Desktop/Lancha en Gruta (UE4)/Lancha/DerivedDataCache/DDC.ddp not found, will not use a pak cache.
[2018.10.17-15.15.44:637][  0]LogDerivedDataCache: Unable to find inner node Pak for hierarchical cache Hierarchy.
[2018.10.17-15.15.44:638][  0]LogDerivedDataCache: FDerivedDataBackendGraph:  CompressedPak pak cache file ../../../../../../Users/David/Desktop/Lancha en Gruta (UE4)/Lancha/DerivedDataCache/Compressed.ddp not found, will not use a pak cache.
[2018.10.17-15.15.44:638][  0]LogDerivedDataCache: Unable to find inner node CompressedPak for hierarchical cache Hierarchy.
[2018.10.17-15.15.44:649][  0]LogDerivedDataCache: Display: Pak cache opened for reading ../../../Engine/DerivedDataCache/Compressed.ddp.
[2018.10.17-15.15.44:663][  0]LogDerivedDataCache: Using Local data cache path C:/Users/David/AppData/Local/UnrealEngine/Common/DerivedDataCache: Writable
[2018.10.17-15.15.44:663][  0]LogDerivedDataCache: Shared data cache path not found in *engine.ini, will not use an Shared cache.
[2018.10.17-15.15.44:663][  0]LogDerivedDataCache: Unable to find inner node Shared for hierarchical cache Hierarchy.
[2018.10.17-15.15.44:681][  0]LogMaterial: Verifying Global Shaders for PCD3D_SM5
[2018.10.17-15.15.44:683][  0]LogSlate: Using FreeType 2.6.0
[2018.10.17-15.15.44:707][  0]LogSlate: SlateFontServices - WITH_FREETYPE: 1, WITH_HARFBUZZ: 1
[2018.10.17-15.15.46:890][  0]LogAssetRegistry: FAssetRegistry took 0.0287 seconds to start up
[2018.10.17-15.15.47:221][  0]LogInit: Selected Device Profile: [Windows]
[2018.10.17-15.15.47:393][  0]LogSimplygon: Simplygon DLL not present - disabling.
[2018.10.17-15.15.47:397][  0]LogMeshReduction: Using SimplygonSwarm for distributed automatic mesh merging
[2018.10.17-15.15.47:397][  0]LogMeshReduction: Using ProxyLODMeshReduction for automatic mesh merging
[2018.10.17-15.15.47:397][  0]LogMeshReduction: Using QuadricMeshReduction for automatic static mesh reduction
[2018.10.17-15.15.47:397][  0]LogMeshReduction: No automatic skeletal mesh reduction module available
[2018.10.17-15.15.47:418][  0]LogNetVersion: Lancha_2 1.0.0, NetCL: 4212847, EngineNetVer: 5, GameNetVer: 0 (Checksum: 4133059835)
[2018.10.17-15.15.48:046][  0]LogPackageLocalizationCache: Processed 11 localized package path(s) for 2 prioritized culture(s) in 0.140677 seconds
[2018.10.17-15.15.48:053][  0]LogUObjectArray: 38425 objects as part of root set at end of initial load.
[2018.10.17-15.15.48:053][  0]LogUObjectAllocator: 6690864 out of 0 bytes used by permanent object pool.
[2018.10.17-15.15.48:054][  0]LogUObjectArray: CloseDisregardForGC: 0/0 objects in disregard for GC pool
[2018.10.17-15.16.13:762][  0]LogTcpMessaging: Initializing TcpMessaging bridge
[2018.10.17-15.16.13:778][  0]LogUdpMessaging: Initializing bridge on interface 0.0.0.0:0 to multicast group 230.0.0.1:6666.
[2018.10.17-15.16.13:779][  0]FUdpSocketBuilder: Failed to subscribe UdpMessageMulticastSocket to multicast group 230.0.0.1
[2018.10.17-15.16.13:779][  0]FUdpSocketBuilder: Failed to create and initialize socket UdpMessageMulticastSocket (last error: 0)
[2018.10.17-15.16.13:779][  0]LogUdpMessaging: Warning: StartTransport failed to create multicast socket on 0.0.0.0:0, joined to 230.0.0.1:6666 with TTL 1
[2018.10.17-15.16.14:084][  0]SourceControl: El control de código fuente está desactivado
[2018.10.17-15.16.14:084][  0]SourceControl: El control de código fuente está desactivado
[2018.10.17-15.16.14:086][  0]SourceControl: El control de código fuente está desactivado
[2018.10.17-15.16.14:087][  0]SourceControl: El control de código fuente está desactivado
[2018.10.17-15.16.14:404][  0]LogAndroidPermission: UAndroidPermissionCallbackProxy::GetInstance
[2018.10.17-15.16.14:471][  0]LogOcInput: OculusInput pre-init called
[2018.10.17-15.16.14:564][  0]LogEngine: Initializing Engine...
[2018.10.17-15.16.14:566][  0]LogHMD: Failed to initialize OpenVR with code 110
[2018.10.17-15.16.14:567][  0]LogStats: UGameplayTagsManager::ConstructGameplayTagTree: ImportINI prefixes -  0.000 s
[2018.10.17-15.16.14:567][  0]LogStats: UGameplayTagsManager::ConstructGameplayTagTree: Construct from data asset -  0.000 s
[2018.10.17-15.16.14:567][  0]LogStats: UGameplayTagsManager::ConstructGameplayTagTree: ImportINI -  0.000 s
[2018.10.17-15.16.14:567][  0]LogStats: UGameplayTagsManager::ConstructGameplayTagTree: GameplayTagTreeChangedEvent.Broadcast -  0.000 s
[2018.10.17-15.16.14:794][  0]LogInit: Initializing FReadOnlyCVARCache
[2018.10.17-15.16.14:809][  0]LogAIModule: Creating AISystem for world Untitled
[2018.10.17-15.16.14:823][  0]LogInit: XAudio2 using 'Speakers (Realtek High Definition Audio)' : 2 channels at 48 kHz using 32 bits per sample (channel mask 0x3)
[2018.10.17-15.16.14:879][  0]LogInit: FAudioDevice initialized.
[2018.10.17-15.16.14:879][  0]LogNetVersion: Set ProjectVersion to 1.0.0.0. Version Checksum will be recalculated on next use.
[2018.10.17-15.16.15:366][  0]LogDerivedDataCache: Saved boot cache 0.49s 71MB C:/Users/David/AppData/Local/UnrealEngine/4.20/DerivedDataCache/Boot.ddc.
[2018.10.17-15.16.15:382][  0]LogInit: Texture streaming: Enabled
[2018.10.17-15.16.15:403][  0]LogEngineSessionManager: EngineSessionManager initialized
[2018.10.17-15.16.15:417][  0]LogInit: Transaction tracking system initialized
[2018.10.17-15.16.15:441][  0]BlueprintLog: New page: Cargar el editor
[2018.10.17-15.16.15:604][  0]LocalizationService: Localization service is disabled
[2018.10.17-15.16.16:302][  0]LogCook: Display: Max memory allowance for cook 16384mb min free memory 0mb
[2018.10.17-15.16.16:302][  0]LogCook: Display: Mobile HDR setting 1
[2018.10.17-15.16.16:302][  0]LogGameplayTags: Display: UGameplayTagsManager::DoneAddingNativeTags. DelegateIsBound: 0
[2018.10.17-15.16.16:302][  0]LogStats: UGameplayTagsManager::ConstructGameplayTagTree: ImportINI prefixes -  0.000 s
[2018.10.17-15.16.16:302][  0]LogStats: UGameplayTagsManager::ConstructGameplayTagTree: Construct from data asset -  0.000 s
[2018.10.17-15.16.16:302][  0]LogStats: UGameplayTagsManager::ConstructGameplayTagTree: ImportINI -  0.000 s
[2018.10.17-15.16.16:302][  0]LogStats: UGameplayTagsManager::ConstructGameplayTagTree: GameplayTagTreeChangedEvent.Broadcast -  0.000 s
[2018.10.17-15.16.16:656][  0]LogFileCache: Scanning file cache for directory 'C:/Users/David/Desktop/Lancha en Gruta (UE4)/Lancha/Content/' took 0.02s
[2018.10.17-15.16.17:032][  0]SourceControl: El control de código fuente está desactivado
[2018.10.17-15.16.17:033][  0]Cmd: MAP LOAD FILE="../../../../../../Users/David/Desktop/Lancha en Gruta (UE4)/Lancha/Content/ThirdPersonBP/Maps/ThirdPersonExampleMap.umap" TEMPLATE=0 SHOWPROGRESS=1 FEATURELEVEL=3
[2018.10.17-15.16.17:033][  0]LightingResults: New page: Diseñar la iluminación
[2018.10.17-15.16.17:037][  0]MapCheck: New page: Revisión del mapa
[2018.10.17-15.16.17:037][  0]LightingResults: New page: Diseñar la iluminación
[2018.10.17-15.16.17:358][  0]LogBlueprint: Warning: [Compiler HoverCar] Could not find a variable named "InGround" in 'HoverComponent_C'.
Make sure 'HoverComponent_C' has been compiled for  Obtener InGround
[2018.10.17-15.16.17:358][  0]LogBlueprint: Warning: [Compiler HoverCar] Could not find a variable named "InGround" in 'HoverComponent_C'.
Make sure 'HoverComponent_C' has been compiled for  Obtener InGround
[2018.10.17-15.16.17:358][  0]LogBlueprint: Warning: [Compiler HoverCar] Could not find a variable named "InGround" in 'HoverComponent_C'.
Make sure 'HoverComponent_C' has been compiled for  Obtener InGround
[2018.10.17-15.16.17:358][  0]LogBlueprint: Warning: [Compiler HoverCar] Could not find a variable named "InGround" in 'HoverComponent_C'.
Make sure 'HoverComponent_C' has been compiled for  Obtener InGround
[2018.10.17-15.16.17:362][  0]LogBlueprint: Error: [Compiler HoverCar] La propiedad asociada con  In Ground  no se ha encontrado
[2018.10.17-15.16.17:362][  0]LogBlueprint: Error: [Compiler HoverCar] La propiedad asociada con  In Ground  no se ha encontrado
[2018.10.17-15.16.17:364][  0]LogBlueprint: Error: [Compiler HoverCar] La propiedad asociada con  In Ground  no se ha encontrado
[2018.10.17-15.16.17:364][  0]LogBlueprint: Error: [Compiler HoverCar] La propiedad asociada con  In Ground  no se ha encontrado
[2018.10.17-15.16.17:366][  0]LogBlueprint: Warning: [Compiler HoverCar] [0050,62] Compile of HoverCar failed. 4 Fatal Issue(s) 4 Warning(s) [in 21 ms] (/Game/ThirdPersonBP/Blueprints/HoverCar.HoverCar)
[2018.10.17-15.16.17:942][  0]LogAIModule: Creating AISystem for world ThirdPersonExampleMap
[2018.10.17-15.16.17:956][  0]LogEditorServer: Finished looking for orphan Actors (0.000 secs)
[2018.10.17-15.16.17:983][  0]Cmd: MAP CHECKDEP NOCLEARLOG
[2018.10.17-15.16.18:083][  0]MapCheck: Map check complete: 0 Error(s), 0 Warning(s), took 99,775ms to complete.
[2018.10.17-15.16.18:084][  0]LogFileHelpers: Loading map 'ThirdPersonExampleMap' took 1.051
[2018.10.17-15.16.18:357][  0]LogSlate: Updating window title bar state: overlay mode, drag disabled, window buttons hidden, title bar hidden
[2018.10.17-15.16.18:368][  0]LogSlate: Updating window title bar state: overlay mode, drag disabled, window buttons hidden, title bar hidden
[2018.10.17-15.16.18:377][  0]LogSlate: Updating window title bar state: overlay mode, drag disabled, window buttons hidden, title bar hidden
[2018.10.17-15.16.18:384][  0]LogSlate: Updating window title bar state: overlay mode, drag disabled, window buttons hidden, title bar hidden
[2018.10.17-15.16.18:397][  0]LogCollectionManager: Loaded 0 collections in 0.001902 seconds
[2018.10.17-15.16.18:440][  0]LogFileCache: Scanning file cache for directory 'C:/Users/David/Desktop/Lancha en Gruta (UE4)/Lancha/Saved/Collections/' took 0.01s
[2018.10.17-15.16.18:440][  0]LogFileCache: Scanning file cache for directory 'C:/Users/David/Desktop/Lancha en Gruta (UE4)/Lancha/Content/Developers/David/Collections/' took 0.01s
[2018.10.17-15.16.18:440][  0]LogFileCache: Scanning file cache for directory 'C:/Users/David/Desktop/Lancha en Gruta (UE4)/Lancha/Content/Collections/' took 0.01s
[2018.10.17-15.16.18:440][  0]LogCollectionManager: Rebuilt the GUID cache for 0 collections in 0.000000 seconds
[2018.10.17-15.16.18:450][  0]LogContentBrowser: Native class hierarchy populated in 0.0095 seconds. Added 2572 classes and 603 folders.
[2018.10.17-15.16.18:456][  0]LogContentBrowser: Native class hierarchy updated for 'WidgetCarousel' in 0.0004 seconds. Added 0 classes and 0 folders.
[2018.10.17-15.16.19:467][  0]LogContentBrowser: Native class hierarchy updated for 'AddContentDialog' in 0.0004 seconds. Added 0 classes and 0 folders.
[2018.10.17-15.16.19:475][  0]LogContentBrowser: Native class hierarchy updated for 'SceneOutliner' in 0.0004 seconds. Added 1 classes and 2 folders.
[2018.10.17-15.16.19:602][  0]LogSlate: Took 0.026595 seconds to synchronously load lazily loaded font '../../../Engine/Content/Slate/Fonts/Roboto-Regular.ttf' (155K)
[2018.10.17-15.16.19:644][  0]LogSlate: Took 0.040967 seconds to synchronously load lazily loaded font '../../../Engine/Content/Slate/Fonts/Roboto-Bold.ttf' (160K)
[2018.10.17-15.16.19:687][  0]LogSlate: Took 0.027056 seconds to synchronously load lazily loaded font '../../../Engine/Content/Editor/Slate/Fonts/FontAwesome.ttf' (139K)
[2018.10.17-15.16.19:808][  0]LogRenderer: Reallocating scene render targets to support 780x440 Format 9 NumSamples 1 (Frame:1).
[2018.10.17-15.16.19:911][  0]LogSlate: Took 0.030098 seconds to synchronously load lazily loaded font '../../../Engine/Content/Slate/Fonts/Roboto-Light.ttf' (167K)
[2018.10.17-15.16.20:046][  0]LogContentBrowser: Native class hierarchy updated for 'HierarchicalLODOutliner' in 0.0002 seconds. Added 0 classes and 0 folders.
[2018.10.17-15.16.20:046][  0]LogLoad: (Engine Initialization) Total time: 53.30 seconds
[2018.10.17-15.16.20:046][  0]LogLoad: (Engine Initialization) Total Blueprint compile time: 0.00 seconds
[2018.10.17-15.16.20:102][  0]LogContentStreaming: Texture pool size now 600 MB
[2018.10.17-15.16.20:175][  1]LogAssetRegistry: Asset discovery search completed in 33.3071 seconds
[2018.10.17-15.16.20:177][  1]LogCollectionManager: Rebuilt the object cache for 0 collections in 0.000000 seconds (found 0 objects)
[2018.10.17-15.16.20:177][  1]LogCollectionManager: Fixed up redirectors for 0 collections in 0.000066 seconds (updated 0 objects)
[2018.10.17-15.16.21:103][ 41]LogSlate: Took 0.000276 seconds to synchronously load lazily loaded font '../../../Engine/Content/Slate/Fonts/Roboto-Light.ttf' (167K)
[2018.10.17-15.16.59:894][367]LogSlate: FSceneViewport::OnFocusLost() reason 0
[2018.10.17-15.17.00:112][373]LogAssetEditorManager: Opening Asset editor for Blueprint /Game/ThirdPersonBP/Blueprints/HoverComponent.HoverComponent
[2018.10.17-15.17.00:597][373]LogContentBrowser: Native class hierarchy updated for 'BlueprintGraph' in 0.0007 seconds. Added 116 classes and 0 folders.
[2018.10.17-15.17.01:741][373]LogSlate: Took 0.025905 seconds to synchronously load lazily loaded font '../../../Engine/Content/Slate/Fonts/Roboto-BoldCondensed.ttf' (158K)
[2018.10.17-15.17.01:989][374]LogSlate: Took 0.028028 seconds to synchronously load lazily loaded font '../../../Engine/Content/Slate/Fonts/Roboto-Italic.ttf' (157K)
[2018.10.17-15.17.27:322][870]BlueprintLog: New page: Compilar HoverComponent
[2018.10.17-15.17.28:313][909]LogSavePackage: Moving '../../../../../../Users/David/Desktop/Lancha en Gruta (UE4)/Lancha/Saved/HoverComponent381E7ED24D402BAB3E4513BACD2796B4.tmp' to '../../../../../../Users/David/Desktop/Lancha en Gruta (UE4)/Lancha/Content/ThirdPersonBP/Blueprints/HoverComponent.uasset'
[2018.10.17-15.17.28:314][909]LogFileManager: Warning: DeleteFile was unable to delete '../../../../../../Users/David/Desktop/Lancha en Gruta (UE4)/Lancha/Content/ThirdPersonBP/Blueprints/HoverComponent.uasset', retrying in .5s...
[2018.10.17-15.17.28:816][909]LogFileManager: Error: Error deleting file '../../../../../../Users/David/Desktop/Lancha en Gruta (UE4)/Lancha/Content/ThirdPersonBP/Blueprints/HoverComponent.uasset'.
[2018.10.17-15.17.28:816][909]LogSavePackage: Error: Error saving '../../../../../../Users/David/Desktop/Lancha en Gruta (UE4)/Lancha/Content/ThirdPersonBP/Blueprints/HoverComponent.uasset'
[2018.10.17-15.17.33:421][909]LogSlate: Window 'Mensaje' being destroyed
[2018.10.17-15.17.33:429][909]EditorErrors: New page: Guardar salida
[2018.10.17-15.17.33:429][909]EditorErrors: Warning: Error al guardar '../../../../../../Users/David/Desktop/Lancha en Gruta (UE4)/Lancha/Content/ThirdPersonBP/Blueprints/HoverComponent.uasset'
[2018.10.17-15.17.35:117][ 10]LogSlate: Window 'Registro del mensaje' being destroyed
[2018.10.17-15.17.35:121][ 10]LogSlate: Window 'Registro del mensaje' being destroyed
[2018.10.17-15.17.38:550][123]LogSlate: Window 'Guardar contenido' being destroyed
[2018.10.17-15.17.38:672][123]LogSlate: Window 'Lancha_2 - Unreal Editor' being destroyed
[2018.10.17-15.17.38:869][124]Cmd: QUIT_EDITOR
[2018.10.17-15.17.38:899][124]LogWindowsTextInputMethodSystem: Display: IME system now deactivated.
[2018.10.17-15.17.38:912][124]LogExit: Preparing to exit.
