Log file open, 10/17/18 17:24:30
LogWindows: Failed to load 'aqProf.dll' (GetLastError=126)
LogWindows: File 'aqProf.dll' does not exist
LogWindows: Failed to load 'VSPerf140.dll' (GetLastError=126)
LogWindows: File 'VSPerf140.dll' does not exist
LogWindows: Failed to load 'VtuneApi.dll' (GetLastError=126)
LogWindows: File 'VtuneApi.dll' does not exist
LogWindows: Failed to load 'VtuneApi32e.dll' (GetLastError=126)
LogWindows: File 'VtuneApi32e.dll' does not exist
LogInit: Display: Running engine for game: Lancha_2
LogPlatformFile: Not using cached read wrapper
LogTaskGraph: Started task graph with 5 named threads and 23 total threads with 3 sets of task threads.
LogStats: Stats thread started at 37.400004
LogD3D11RHI: Loaded GFSDK_Aftermath_Lib.x64.dll
LogICUInternationalization: Display: ICU TimeZone Detection - Raw Offset: +1:00, Platform Override: ''
LogConfig: Warning: Failed to saved backup for config[Engine]
LogPluginManager: Mounting plugin Paper2D
LogPluginManager: Mounting plugin AISupport
LogPluginManager: Mounting plugin LightPropagationVolume
LogPluginManager: Mounting plugin CLionSourceCodeAccess
LogPluginManager: Mounting plugin CodeLiteSourceCodeAccess
LogPluginManager: Mounting plugin GitSourceControl
LogPluginManager: Mounting plugin KDevelopSourceCodeAccess
LogPluginManager: Mounting plugin NullSourceCodeAccess
LogPluginManager: Mounting plugin PerforceSourceControl
LogPluginManager: Mounting plugin SubversionSourceControl
LogPluginManager: Mounting plugin UObjectPlugin
LogPluginManager: Mounting plugin VisualStudioCodeSourceCodeAccess
LogPluginManager: Mounting plugin VisualStudioSourceCodeAccess
LogPluginManager: Mounting plugin XCodeSourceCodeAccess
LogPluginManager: Mounting plugin AssetManagerEditor
LogPluginManager: Mounting plugin CryptoKeys
LogPluginManager: Mounting plugin DataValidation
LogPluginManager: Mounting plugin FacialAnimation
LogPluginManager: Mounting plugin GameplayTagsEditor
LogPluginManager: Mounting plugin MacGraphicsSwitching
LogPluginManager: Mounting plugin MeshEditor
LogPluginManager: Mounting plugin MobileLauncherProfileWizard
LogPluginManager: Mounting plugin PluginBrowser
LogPluginManager: Mounting plugin SpeedTreeImporter
LogPluginManager: Mounting plugin DatasmithContent
LogPluginManager: Mounting plugin AlembicImporter
LogPluginManager: Mounting plugin AppleImageUtils
LogPluginManager: Mounting plugin AppleVision
LogPluginManager: Mounting plugin BackChannel
LogPluginManager: Mounting plugin CharacterAI
LogPluginManager: Mounting plugin GeometryCache
LogPluginManager: Mounting plugin HTML5Networking
LogPluginManager: Mounting plugin ProxyLODPlugin
LogPluginManager: Mounting plugin MagicLeap
LogPluginManager: Mounting plugin MagicLeapEmulator
LogPluginManager: Mounting plugin MagicLeapMedia
LogPluginManager: Mounting plugin AndroidMedia
LogPluginManager: Mounting plugin AvfMedia
LogPluginManager: Mounting plugin ImgMedia
LogPluginManager: Mounting plugin LinearTimecode
LogPluginManager: Mounting plugin MediaCompositing
LogPluginManager: Mounting plugin MediaPlayerEditor
LogPluginManager: Mounting plugin WmfMedia
LogPluginManager: Mounting plugin TcpMessaging
LogPluginManager: Mounting plugin UdpMessaging
LogPluginManager: Mounting plugin ActorSequence
LogPluginManager: Mounting plugin LevelSequenceEditor
LogPluginManager: Mounting plugin MatineeToLevelSequence
LogPluginManager: Mounting plugin NetcodeUnitTest
LogPluginManager: Mounting plugin NUTUnrealEngine4
LogPluginManager: Mounting plugin OnlineSubsystemGooglePlay
LogPluginManager: Mounting plugin OnlineSubsystemIOS
LogPluginManager: Mounting plugin OnlineSubsystem
LogPluginManager: Mounting plugin OnlineSubsystemNull
LogPluginManager: Mounting plugin OnlineSubsystemUtils
LogPluginManager: Mounting plugin LauncherChunkInstaller
LogPluginManager: Mounting plugin AndroidDeviceProfileSelector
LogPluginManager: Mounting plugin AndroidMoviePlayer
LogPluginManager: Mounting plugin AndroidPermission
LogPluginManager: Mounting plugin AppleMoviePlayer
LogPluginManager: Mounting plugin ArchVisCharacter
LogPluginManager: Mounting plugin AudioCapture
LogPluginManager: Mounting plugin CableComponent
LogPluginManager: Mounting plugin CustomMeshComponent
LogPluginManager: Mounting plugin EditableMesh
LogPluginManager: Mounting plugin ExampleDeviceProfileSelector
LogPluginManager: Mounting plugin GoogleCloudMessaging
LogPluginManager: Mounting plugin ImmediatePhysics
LogPluginManager: Mounting plugin IOSDeviceProfileSelector
LogPluginManager: Mounting plugin LinuxDeviceProfileSelector
LogPluginManager: Mounting plugin LocationServicesBPLibrary
LogPluginManager: Mounting plugin MobilePatchingUtils
LogPluginManager: Mounting plugin OculusVR
LogPluginManager: Plugin shader directory ../../../Engine/Plugins/Runtime/Oculus/OculusVR/Shaders found
LogPluginManager: Mapping shader source directory ../../../Engine/Plugins/Runtime/Oculus/OculusVR/Shaders to virtual directory /Plugin/OculusVR
LogPluginManager: Mounting plugin PhysXVehicles
LogPluginManager: Mounting plugin ProceduralMeshComponent
LogPluginManager: Mounting plugin RuntimePhysXCooking
LogPluginManager: Mounting plugin SteamVR
LogPluginManager: Mounting plugin WindowsMoviePlayer
LogStreaming: Display: Took  0.686s to configure plugins.
LogInit: Using libcurl 7.55.1-DEV
LogInit:  - built for x86_64-pc-win32
LogInit:  - supports SSL with OpenSSL/1.0.2h
LogInit:  - supports HTTP deflate (compression) using libz 1.2.8
LogInit:  - other features:
LogInit:      CURL_VERSION_SSL
LogInit:      CURL_VERSION_LIBZ
LogInit:      CURL_VERSION_IPV6
LogInit:      CURL_VERSION_ASYNCHDNS
LogInit:      CURL_VERSION_LARGEFILE
LogInit:      CURL_VERSION_IDN
LogInit:  CurlRequestOptions (configurable via config and command line):
LogInit:  - bVerifyPeer = false  - Libcurl will NOT verify peer certificate
LogInit:  - bUseHttpProxy = false  - Libcurl will NOT use HTTP proxy
LogInit:  - bDontReuseConnections = false  - Libcurl will reuse connections
LogInit:  - CertBundlePath = nullptr  - Libcurl will use whatever was configured at build time.
LogInit:  - MaxHostConnections = 16  - Libcurl will limit the number of connections to a host
LogInit:  - LocalHostAddr = Default
LogInit:  - BufferSize = 65536
LogInit: WinSock: version 1.1 (2.2), MaxSocks=32767, MaxUdp=65467
LogInit: Build: ++UE4+Release-4.20-CL-4369336
LogInit: Engine Version: 4.20.3-4369336+++UE4+Release-4.20
LogInit: Compatible Engine Version: 4.20.0-4212847+++UE4+Release-4.20
LogInit: Net CL: 4212847
LogInit: OS: Windows 10 (), CPU: Intel(R) Core(TM) i7-6700HQ CPU @ 2.60GHz, GPU: Intel(R) HD Graphics 530
LogInit: Compiled (64-bit): Sep 17 2018 12:26:19
LogInit: Compiled with Visual C++: 19.13.26129.00
LogInit: Build Configuration: Development
LogInit: Branch Name: ++UE4+Release-4.20
LogInit: Command Line:  
LogInit: Base Directory: C:/Program Files/Epic Games/UE_4.20/Engine/Binaries/Win64/
LogInit: Installed Engine Build: 1
LogDevObjectVersion: Number of dev versions registered: 20
LogDevObjectVersion:   Dev-Blueprints (B0D832E4-1F89-4F0D-ACCF-7EB736FD4AA2): 10
LogDevObjectVersion:   Dev-Build (E1C64328-A22C-4D53-A36C-8E866417BD8C): 0
LogDevObjectVersion:   Dev-Core (375EC13C-06E4-48FB-B500-84F0262A717E): 2
LogDevObjectVersion:   Dev-Editor (E4B068ED-F494-42E9-A231-DA0B2E46BB41): 24
LogDevObjectVersion:   Dev-Framework (CFFC743F-43B0-4480-9391-14DF171D2073): 34
LogDevObjectVersion:   Dev-Mobile (B02B49B5-BB20-44E9-A304-32B752E40360): 2
LogDevObjectVersion:   Dev-Networking (A4E4105C-59A1-49B5-A7C5-40C4547EDFEE): 0
LogDevObjectVersion:   Dev-Online (39C831C9-5AE6-47DC-9A44-9C173E1C8E7C): 0
LogDevObjectVersion:   Dev-Physics (78F01B33-EBEA-4F98-B9B4-84EACCB95AA2): 0
LogDevObjectVersion:   Dev-Platform (6631380F-2D4D-43E0-8009-CF276956A95A): 0
LogDevObjectVersion:   Dev-Rendering (12F88B9F-8875-4AFC-A67C-D90C383ABD29): 26
LogDevObjectVersion:   Dev-Sequencer (7B5AE74C-D270-4C10-A958-57980B212A5A): 9
LogDevObjectVersion:   Dev-VR (D7296918-1DD6-4BDD-9DE2-64A83CC13884): 2
LogDevObjectVersion:   Dev-LoadTimes (C2A15278-BFE7-4AFE-6C17-90FF531DF755): 1
LogDevObjectVersion:   Private-Geometry (6EACA3D4-40EC-4CC1-B786-8BED09428FC5): 3
LogDevObjectVersion:   Dev-AnimPhys (29E575DD-E0A3-4627-9D10-D276232CDCEA): 17
LogDevObjectVersion:   Dev-ReflectionCapture (6B266CEC-1EC7-4B8F-A30B-E4D90942FC07): 1
LogDevObjectVersion:   Dev-Automation (0DF73D61-A23F-47EA-B727-89E90C41499A): 1
LogDevObjectVersion:   FortniteMain (601D1886-AC64-4F84-AA16-D3DE0DEAC7D6): 12
LogDevObjectVersion:   Dev-Enterprise (9DFFBCD6-494F-0158-E221-12823C92A888): 1
LogStreaming: Display: Took  0.083s to delete old logs.
LogInit: Presizing for max 8388607 objects, including 0 objects not considered by GC, pre-allocating 0 bytes for permanent pool.
LogInit: Object subsystem initialized
[2018.10.17-15.24.49:004][  0]LogInit: Selected Device Profile: [Windows]
[2018.10.17-15.24.49:005][  0]LogInit: Applying CVar settings loaded from the selected device profile: [Windows]
[2018.10.17-15.24.49:082][  0]LogConfig: Warning: Failed to saved backup for config[DeviceProfiles]
[2018.10.17-15.24.49:110][  0]LogHAL: Display: Platform has ~ 12 GB [12778487808 / 17179869184 / 12], which maps to Larger [LargestMinGB=32, LargerMinGB=12, DefaultMinGB=8, SmallerMinGB=6, SmallestMinGB=0)
[2018.10.17-15.24.49:133][  0]LogInit: Setting Device Profile CVar: [[r.Vulkan.UseRealUBs:1]]
[2018.10.17-15.24.49:142][  0]LogInit: Going up to parent DeviceProfile []
[2018.10.17-15.24.49:410][  0]LogInit: Computer: DESKTOP-I47C50F
[2018.10.17-15.24.49:410][  0]LogInit: User: David
[2018.10.17-15.24.49:410][  0]LogInit: CPU Page size=4096, Cores=4
[2018.10.17-15.24.49:410][  0]LogInit: High frequency timer resolution =2.531253 MHz
[2018.10.17-15.24.49:410][  0]LogMemory: Memory total: Physical=11.9GB (12GB approx)
[2018.10.17-15.24.49:410][  0]LogMemory: Platform Memory Stats for Windows
[2018.10.17-15.24.49:410][  0]LogMemory: Process Physical Memory: 99.85 MB used, 99.85 MB peak
[2018.10.17-15.24.49:410][  0]LogMemory: Process Virtual Memory: 85.05 MB used, 85.05 MB peak
[2018.10.17-15.24.49:410][  0]LogMemory: Physical Memory: 4428.27 MB used,  7758.25 MB free, 12186.52 MB total
[2018.10.17-15.24.49:411][  0]LogMemory: Virtual Memory: 4639.04 MB used,  7758.25 MB free, 134217728.00 MB total
[2018.10.17-15.24.53:126][  0]LogInit: Using OS detected language (es-ES).
[2018.10.17-15.24.53:126][  0]LogInit: Using OS detected locale (es-ES).
[2018.10.17-15.24.53:127][  0]LogTextLocalizationManager: No specific localization for 'es-ES' exists, so the 'es' localization will be used.
[2018.10.17-15.24.57:470][  0]LogStreaming: Display: Took  4.303s to InitEngineTextLocalization.
[2018.10.17-15.24.57:486][  0]LogInit: Setting process to per monitor DPI aware
[2018.10.17-15.24.58:561][  0]LogSlate: New Slate User Created.  User Index 0, Is Virtual User: 0
[2018.10.17-15.24.58:561][  0]LogSlate: Slate User Registered.  User Index 0, Is Virtual User: 0
[2018.10.17-15.25.06:871][  0]LogHMD: Failed to initialize OpenVR with code 110
[2018.10.17-15.25.06:871][  0]LogD3D11RHI: D3D11 adapters:
[2018.10.17-15.25.07:151][  0]LogD3D11RHI:    0. 'NVIDIA GeForce GTX 950M' (Feature Level 11_0)
[2018.10.17-15.25.07:151][  0]LogD3D11RHI:       4064/0/6093 MB DedicatedVideo/DedicatedSystem/SharedSystem, Outputs:1, VendorId:0x10de
[2018.10.17-15.25.07:170][  0]LogD3D11RHI:    1. 'Intel(R) HD Graphics 530' (Feature Level 11_0)
[2018.10.17-15.25.07:170][  0]LogD3D11RHI:       128/0/6093 MB DedicatedVideo/DedicatedSystem/SharedSystem, Outputs:0, VendorId:0x8086
[2018.10.17-15.25.07:173][  0]LogD3D11RHI:    2. 'Microsoft Basic Render Driver' (Feature Level 11_0)
[2018.10.17-15.25.07:173][  0]LogD3D11RHI:       0/0/6093 MB DedicatedVideo/DedicatedSystem/SharedSystem, Outputs:0, VendorId:0x1414
[2018.10.17-15.25.07:173][  0]LogD3D11RHI: Chosen D3D11 Adapter: 0
[2018.10.17-15.25.07:194][  0]LogD3D11RHI: Creating new Direct3DDevice
[2018.10.17-15.25.07:194][  0]LogD3D11RHI:     GPU DeviceId: 0x139a (for the marketing name, search the web for "GPU Device Id")
[2018.10.17-15.25.07:206][  0]LogWindows: EnumDisplayDevices:
[2018.10.17-15.25.07:206][  0]LogWindows:    0. 'Intel(R) HD Graphics 530' (P:1 D:1)
[2018.10.17-15.25.07:207][  0]LogWindows:    1. 'Intel(R) HD Graphics 530' (P:0 D:0)
[2018.10.17-15.25.07:207][  0]LogWindows:    2. 'Intel(R) HD Graphics 530' (P:0 D:0)
[2018.10.17-15.25.07:207][  0]LogWindows: DebugString: PrimaryIsNotTheChoosenAdapter PrimaryIsNotTheChoosenAdapter PrimaryIsNotTheChoosenAdapter FoundDriverCount:0 
[2018.10.17-15.25.07:207][  0]LogD3D11RHI:     Adapter Name: NVIDIA GeForce GTX 950M
[2018.10.17-15.25.07:207][  0]LogD3D11RHI:   Driver Version: Unknown (internal:Unknown, unified:Unknown)
[2018.10.17-15.25.07:207][  0]LogD3D11RHI:      Driver Date: Unknown
[2018.10.17-15.25.07:207][  0]LogRHI: Texture pool is 2845 MB (70% of 4064 MB)
[2018.10.17-15.25.07:522][  0]LogD3D11RHI: Async texture creation enabled
[2018.10.17-15.25.08:038][  0]LogD3D11RHI: GPU Timing Frequency: 1000.000000 (Debug: 2 5)
[2018.10.17-15.25.08:141][  0]LogShaderCompilers: Guid format shader working directory is -20 characters bigger than the processId version (../../../../../../Users/David/Desktop/Lancha en Gruta (UE4)/Lancha/Intermediate/Shaders/WorkingDirectory/8308/).
[2018.10.17-15.25.08:142][  0]LogShaderCompilers: Cleaned the shader compiler working directory 'C:/Users/David/AppData/Local/Temp/UnrealShaderWorkingDir/C735B8574B048B7B712307B7BBEE7F38/'.
[2018.10.17-15.25.10:711][  0]LogTemp: Display: Loaded TP AllDesktopTargetPlatform
[2018.10.17-15.25.10:919][  0]LogTemp: Display: Loaded TP MacClientTargetPlatform
[2018.10.17-15.25.10:973][  0]LogTemp: Display: Loaded TP MacNoEditorTargetPlatform
[2018.10.17-15.25.11:025][  0]LogTemp: Display: Loaded TP MacServerTargetPlatform
[2018.10.17-15.25.11:175][  0]LogTemp: Display: Loaded TP MacTargetPlatform
[2018.10.17-15.25.11:309][  0]LogTemp: Display: Loaded TP WindowsClientTargetPlatform
[2018.10.17-15.25.11:425][  0]LogTemp: Display: Loaded TP WindowsNoEditorTargetPlatform
[2018.10.17-15.25.11:490][  0]LogTemp: Display: Loaded TP WindowsServerTargetPlatform
[2018.10.17-15.25.11:684][  0]LogTemp: Display: Loaded TP WindowsTargetPlatform
[2018.10.17-15.25.11:943][  0]LogTemp: Display: Loaded TP AndroidTargetPlatform
[2018.10.17-15.25.11:943][  0]LogTemp: Display: Loaded TP AndroidTargetPlatform
[2018.10.17-15.25.11:943][  0]LogTemp: Display: Loaded TP AndroidTargetPlatform
[2018.10.17-15.25.11:943][  0]LogTemp: Display: Loaded TP AndroidTargetPlatform
[2018.10.17-15.25.11:943][  0]LogTemp: Display: Loaded TP AndroidTargetPlatform
[2018.10.17-15.25.11:943][  0]LogTemp: Display: Loaded TP AndroidTargetPlatform
[2018.10.17-15.25.11:943][  0]LogTemp: Display: Loaded TP AndroidTargetPlatform
[2018.10.17-15.25.11:943][  0]LogTemp: Display: Loaded TP AndroidTargetPlatform
[2018.10.17-15.25.11:944][  0]LogTemp: Display: Loaded TP AndroidTargetPlatform
[2018.10.17-15.25.11:944][  0]LogTemp: Display: Loaded TP AndroidTargetPlatform
[2018.10.17-15.25.11:944][  0]LogTemp: Display: Loaded TP AndroidTargetPlatform
[2018.10.17-15.25.11:944][  0]LogTemp: Display: Loaded TP AndroidTargetPlatform
[2018.10.17-15.25.11:944][  0]LogTemp: Display: Loaded TP AndroidTargetPlatform
[2018.10.17-15.25.11:944][  0]LogTemp: Display: Loaded TP AndroidTargetPlatform
[2018.10.17-15.25.11:944][  0]LogTemp: Display: Loaded TP AndroidTargetPlatform
[2018.10.17-15.25.11:944][  0]LogTemp: Display: Loaded TP AndroidTargetPlatform
[2018.10.17-15.25.11:944][  0]LogTemp: Display: Loaded TP AndroidTargetPlatform
[2018.10.17-15.25.11:944][  0]LogTemp: Display: Loaded TP AndroidTargetPlatform
[2018.10.17-15.25.11:970][  0]LogTemp: Display: Loaded TP HTML5TargetPlatform
[2018.10.17-15.25.12:212][  0]LogTemp: Display: Loaded TP IOSTargetPlatform
[2018.10.17-15.25.12:212][  0]LogTemp: Display: Loaded TP IOSTargetPlatform
[2018.10.17-15.25.12:298][  0]LogTemp: Display: Loaded TP TVOSTargetPlatform
[2018.10.17-15.25.12:298][  0]LogTemp: Display: Loaded TP TVOSTargetPlatform
[2018.10.17-15.25.12:339][  0]LogTemp: Display: Loaded TP LinuxClientTargetPlatform
[2018.10.17-15.25.12:372][  0]LogTemp: Display: Loaded TP LinuxNoEditorTargetPlatform
[2018.10.17-15.25.12:407][  0]LogTemp: Display: Loaded TP LinuxServerTargetPlatform
[2018.10.17-15.25.12:583][  0]LogTemp: Display: Loaded TP LinuxTargetPlatform
[2018.10.17-15.25.12:615][  0]LogTemp: Display: Loaded TP LuminTargetPlatform
[2018.10.17-15.25.12:615][  0]LogTargetPlatformManager: Display: Building Assets For Windows
[2018.10.17-15.25.15:373][  0]LogXGEController: Cleaning working directory: C:/Users/David/AppData/Local/Temp/UnrealXGEWorkingDir/
[2018.10.17-15.25.15:373][  0]LogXGEController: Cannot use XGE Controller as Incredibuild is not installed on this machine.
[2018.10.17-15.25.15:374][  0]LogShaderCompilers: Cannot use XGE Shader Compiler as Incredibuild is not installed on this machine.
[2018.10.17-15.25.15:374][  0]LogShaderCompilers: Display: Using Local Shader Compiler.
[2018.10.17-15.25.28:952][  0]LogDerivedDataCache: Display: Max Cache Size: 512 MB
[2018.10.17-15.25.30:995][  0]LogDerivedDataCache: Loaded boot cache 2.04s 71MB C:/Users/David/AppData/Local/UnrealEngine/4.20/DerivedDataCache/Boot.ddc.
[2018.10.17-15.25.30:996][  0]LogDerivedDataCache: Display: Loaded Boot cache: C:/Users/David/AppData/Local/UnrealEngine/4.20/DerivedDataCache/Boot.ddc
[2018.10.17-15.25.30:996][  0]LogDerivedDataCache: FDerivedDataBackendGraph:  Pak pak cache file ../../../../../../Users/David/Desktop/Lancha en Gruta (UE4)/Lancha/DerivedDataCache/DDC.ddp not found, will not use a pak cache.
[2018.10.17-15.25.30:996][  0]LogDerivedDataCache: Unable to find inner node Pak for hierarchical cache Hierarchy.
[2018.10.17-15.25.30:996][  0]LogDerivedDataCache: FDerivedDataBackendGraph:  CompressedPak pak cache file ../../../../../../Users/David/Desktop/Lancha en Gruta (UE4)/Lancha/DerivedDataCache/Compressed.ddp not found, will not use a pak cache.
[2018.10.17-15.25.30:996][  0]LogDerivedDataCache: Unable to find inner node CompressedPak for hierarchical cache Hierarchy.
[2018.10.17-15.25.31:067][  0]LogDerivedDataCache: Display: Pak cache opened for reading ../../../Engine/DerivedDataCache/Compressed.ddp.
[2018.10.17-15.25.31:080][  0]LogDerivedDataCache: Using Local data cache path C:/Users/David/AppData/Local/UnrealEngine/Common/DerivedDataCache: Writable
[2018.10.17-15.25.31:080][  0]LogDerivedDataCache: Shared data cache path not found in *engine.ini, will not use an Shared cache.
[2018.10.17-15.25.31:080][  0]LogDerivedDataCache: Unable to find inner node Shared for hierarchical cache Hierarchy.
[2018.10.17-15.25.31:190][  0]LogMaterial: Verifying Global Shaders for PCD3D_SM5
[2018.10.17-15.25.31:248][  0]LogSlate: Using FreeType 2.6.0
[2018.10.17-15.25.31:313][  0]LogSlate: SlateFontServices - WITH_FREETYPE: 1, WITH_HARFBUZZ: 1
